STDOUT:
Working... ---------------------------------------- 100% 0:05:28


STDERR:
[main]	INFO	profile include tests: None
[main]	INFO	profile exclude tests: None
[main]	INFO	cli include tests: None
[main]	INFO	cli exclude tests: None
[main]	INFO	running on Python 3.12.10
[manager]	WARNING	Test in comment: _lines is not a test name or id, ignoring
[manager]	WARNING	Test in comment: is is not a test name or id, ignoring
[manager]	WARNING	Test in comment: a is not a test name or id, ignoring
[manager]	WARNING	Test in comment: dict is not a test name or id, ignoring
[manager]	WARNING	Test in comment: of is not a test name or id, ignoring
[manager]	WARNING	Test in comment: line is not a test name or id, ignoring
[manager]	WARNING	Test in comment: number is not a test name or id, ignoring
[manager]	WARNING	Test in comment: set is not a test name or id, ignoring
[manager]	WARNING	Test in comment: of is not a test name or id, ignoring
[manager]	WARNING	Test in comment: tests is not a test name or id, ignoring
[manager]	WARNING	Test in comment: to is not a test name or id, ignoring
[manager]	WARNING	Test in comment: ignore is not a test name or id, ignoring
[manager]	WARNING	Test in comment: tkelsey is not a test name or id, ignoring
[manager]	WARNING	Test in comment: catching is not a test name or id, ignoring
[manager]	WARNING	Test in comment: expected is not a test name or id, ignoring
[manager]	WARNING	Test in comment: exception is not a test name or id, ignoring
[tester]	WARNING	nosec encountered (B108), but no failed test on line 62
[manager]	WARNING	Test in comment: c is not a test name or id, ignoring
[manager]	WARNING	Test in comment: _lines is not a test name or id, ignoring
[manager]	WARNING	Test in comment: is is not a test name or id, ignoring
[manager]	WARNING	Test in comment: a is not a test name or id, ignoring
[manager]	WARNING	Test in comment: dict is not a test name or id, ignoring
[manager]	WARNING	Test in comment: of is not a test name or id, ignoring
[manager]	WARNING	Test in comment: line is not a test name or id, ignoring
[manager]	WARNING	Test in comment: number is not a test name or id, ignoring
[manager]	WARNING	Test in comment: set is not a test name or id, ignoring
[manager]	WARNING	Test in comment: of is not a test name or id, ignoring
[manager]	WARNING	Test in comment: tests is not a test name or id, ignoring
[manager]	WARNING	Test in comment: to is not a test name or id, ignoring
[manager]	WARNING	Test in comment: ignore is not a test name or id, ignoring
[manager]	WARNING	Test in comment: tkelsey is not a test name or id, ignoring
[manager]	WARNING	Test in comment: catching is not a test name or id, ignoring
[manager]	WARNING	Test in comment: expected is not a test name or id, ignoring
[manager]	WARNING	Test in comment: exception is not a test name or id, ignoring
[tester]	WARNING	nosec encountered (B108), but no failed test on line 62
[manager]	WARNING	Test in comment: c is not a test name or id, ignoring
Traceback (most recent call last):
  File "C:\Users\jthri\Dev\MySauce\TractionBuild\.venv\Lib\site-packages\bandit\core\manager.py", line 186, in output_results
    report_func(
  File "C:\Users\jthri\Dev\MySauce\TractionBuild\.venv\Lib\site-packages\bandit\formatters\text.py", line 195, in report
    wrapped_file.write(result)
  File "C:\Python312\Lib\encodings\cp1252.py", line 19, in encode
    return codecs.charmap_encode(input,self.errors,encoding_table)[0]
           ^^^^^^^^^^^^^^^^^^^^^^^^^^^^^^^^^^^^^^^^^^^^^^^^^^^^^^^
UnicodeEncodeError: 'charmap' codec can't encode character '\u0130' in position 1963498: character maps to <undefined>

During handling of the above exception, another exception occurred:

Traceback (most recent call last):
  File "<frozen runpy>", line 198, in _run_module_as_main
  File "<frozen runpy>", line 88, in _run_code
  File "C:\Users\jthri\Dev\MySauce\TractionBuild\.venv\Scripts\bandit.exe\__main__.py", line 7, in <module>
  File "C:\Users\jthri\Dev\MySauce\TractionBuild\.venv\Lib\site-packages\bandit\cli\main.py", line 678, in main
    b_mgr.output_results(
  File "C:\Users\jthri\Dev\MySauce\TractionBuild\.venv\Lib\site-packages\bandit\core\manager.py", line 195, in output_results
    raise RuntimeError(
RuntimeError: Unable to output report using 'txt' formatter: 'charmap' codec can't encode character '\u0130' in position 1963498: character maps to <undefined>


EXIT CODE: 1